<?xml version="1.0" encoding="UTF-8"?>
<!-- Generated by org.testng.reporters.JUnitXMLReporter -->
<testsuite ignored="2" hostname="DESKTOP-VKIPK2D" failures="0" tests="2" name="Default test" time="31.042" errors="0" timestamp="2025-03-06T21:17:48 IST">
  <testcase classname="testclasses.LoginTest" name="loginTest" time="3.539"/>
  <testcase classname="testclasses.AddEmployeeTest" name="addEmployeeTest" time="6.863"/>
  <testcase classname="testclasses.BaseTest" name="@BeforeSuite setUp" time="0.0">
    <ignored/>
  </testcase> <!-- @BeforeSuite setUp -->
  <testcase classname="testclasses.BaseTest" name="@AfterSuite tearDown" time="0.0">
    <ignored/>
  </testcase> <!-- @AfterSuite tearDown -->
</testsuite> <!-- Default test -->
