<?xml version="1.0" encoding="UTF-8"?>
<testng-results ignored="0" total="2" passed="2" failed="0" skipped="0">
  <reporter-output>
  </reporter-output>
  <suite started-at="2025-03-07T15:13:47 IST" name="Orange HRM Suites" finished-at="2025-03-07T15:14:00 IST" duration-ms="12998">
    <groups>
    </groups>
    <test started-at="2025-03-07T15:13:47 IST" name="Orange HRM Tests" finished-at="2025-03-07T15:14:00 IST" duration-ms="12998">
      <class name="testclasses.LoginTest">
        <test-method signature="loginTest()[pri:0, instance:testclasses.LoginTest@6771beb3]" started-at="2025-03-07T15:13:47 IST" name="loginTest" finished-at="2025-03-07T15:13:54 IST" duration-ms="6622" status="PASS">
          <reporter-output>
          </reporter-output>
        </test-method> <!-- loginTest -->
      </class> <!-- testclasses.LoginTest -->
      <class name="testclasses.AddEmployeeTest">
        <test-method is-config="true" signature="setUp()[pri:0, instance:testclasses.AddEmployeeTest@77c2494c]" started-at="2025-03-07T15:13:06 IST" name="setUp" finished-at="2025-03-07T15:13:47 IST" duration-ms="41450" status="PASS">
          <reporter-output>
          </reporter-output>
        </test-method> <!-- setUp -->
        <test-method signature="addEmployeeTest()[pri:0, instance:testclasses.AddEmployeeTest@77c2494c]" started-at="2025-03-07T15:13:54 IST" name="addEmployeeTest" finished-at="2025-03-07T15:14:00 IST" depends-on-methods="testclasses.LoginTest.loginTest" duration-ms="5988" status="PASS">
          <reporter-output>
          </reporter-output>
        </test-method> <!-- addEmployeeTest -->
        <test-method is-config="true" signature="tearDown()[pri:0, instance:testclasses.AddEmployeeTest@77c2494c]" started-at="2025-03-07T15:14:01 IST" name="tearDown" finished-at="2025-03-07T15:14:02 IST" duration-ms="624" status="PASS">
          <reporter-output>
          </reporter-output>
        </test-method> <!-- tearDown -->
      </class> <!-- testclasses.AddEmployeeTest -->
    </test> <!-- Orange HRM Tests -->
  </suite> <!-- Orange HRM Suites -->
</testng-results>
